app/build/outputs/mapping/release/seeds.txt
com.hwnix.smsagent.SmsAgentApplication
com.hwnix.smsagent.data.service.AgentForegroundService
com.hwnix.smsagent.data.receiver.SmsReceiver
com.hwnix.smsagent.data.service.FcmListenerService
com.hwnix.smsagent.data.remote.ApiService
com.hwnix.smsagent.presentation.MainActivity
com.hwnix.smsagent.data.receiver.BootReceiver
com.hwnix.smsagent.data.local.AppDatabase
com.hwnix.smsagent.data.local.AppDatabase_Impl
com.hwnix.smsagent.data.remote.ApiService: java.lang.Object batchSyncSms(java.lang.String,com.google.gson.JsonObject,kotlin.coroutines.Continuation)
com.hwnix.smsagent.data.remote.ApiService: java.lang.Object executeCommand(long,java.lang.String,com.google.gson.JsonObject,kotlin.coroutines.Continuation)
com.hwnix.smsagent.data.remote.ApiService: java.lang.Object getDeviceLines(long,kotlin.coroutines.Continuation)
com.hwnix.smsagent.data.receiver.SmsReceiver: SmsReceiver()
com.hwnix.smsagent.SmsAgentApplication: SmsAgentApplication()
com.hwnix.smsagent.presentation.MainActivity: MainActivity()
com.hwnix.smsagent.data.receiver.BootReceiver: BootReceiver()
com.hwnix.smsagent.data.remote.ApiService: java.lang.Object refreshToken(com.google.gson.JsonObject,kotlin.coroutines.Continuation)
com.hwnix.smsagent.data.remote.ApiService: java.lang.Object syncSmsStatus(java.lang.String,com.google.gson.JsonObject,kotlin.coroutines.Continuation)
com.hwnix.smsagent.data.remote.ApiService: java.lang.Object checkAppUpdate(kotlin.coroutines.Continuation)
com.hwnix.smsagent.data.remote.ApiService: java.lang.Object uploadIncomingSms(java.lang.String,com.google.gson.JsonObject,kotlin.coroutines.Continuation)
com.hwnix.smsagent.data.remote.ApiService: java.lang.Object registerDevice(java.lang.String,com.google.gson.JsonObject,kotlin.coroutines.Continuation)
com.hwnix.smsagent.data.remote.ApiService: java.lang.Object getDeviceConfig(kotlin.coroutines.Continuation)
com.hwnix.smsagent.data.remote.ApiService: java.lang.Object syncLines(java.lang.String,com.google.gson.JsonObject,kotlin.coroutines.Continuation)
com.hwnix.smsagent.data.remote.ApiService: java.lang.Object sendHeartbeat(com.google.gson.JsonObject,kotlin.coroutines.Continuation)
com.hwnix.smsagent.data.local.AppDatabase_Impl: AppDatabase_Impl()
com.hwnix.smsagent.data.remote.ApiService: java.lang.Object login(com.google.gson.JsonObject,kotlin.coroutines.Continuation)
com.hwnix.smsagent.data.remote.ApiService: java.lang.Object getPendingCommands(long,kotlin.coroutines.Continuation)
com.hwnix.smsagent.data.service.AgentForegroundService: AgentForegroundService()
com.hwnix.smsagent.data.local.AppDatabase: AppDatabase()
com.hwnix.smsagent.data.service.FcmListenerService: FcmListenerService()
...
com.google.android.datatransport.runtime.backends.TransportBackendDiscovery
com.google.gson.internal.bind.TypeAdapters$1
com.google.android.datatransport.runtime.scheduling.jobscheduling.JobInfoSchedulerService
com.google.gson.internal.sql.SqlTypesSupport$2
androidx.compose.foundation.text.modifiers.TextStringSimpleElement
androidx.work.impl.foreground.SystemForegroundService
androidx.work.CoroutineWorker
com.google.gson.internal.Streams$AppendableWriter$CurrentWrite
com.google.gson.internal.ConstructorConstructor$11
com.google.gson.internal.LinkedHashTreeMap$AvlIterator
com.google.gson.Gson$5
com.google.gson.internal.bind.ObjectTypeAdapter$2
com.google.firebase.FirebaseCommonKtxRegistrar
androidx.compose.foundation.ClickableElement
com.google.gson.internal.ConstructorConstructor$14
com.google.gson.JsonNull
com.google.gson.internal.bind.TreeTypeAdapter$1
com.google.gson.internal.bind.JsonTreeReader
com.google.android.gms.common.GooglePlayServicesManifestException
com.google.gson.internal.ConstructorConstructor$13
com.google.gson.ExclusionStrategy
androidx.compose.foundation.layout.PaddingElement
com.google.gson.stream.JsonWriter
com.google.gson.internal.Streams
com.google.gson.internal.bind.NumberTypeAdapter$2
com.google.gson.ToNumberPolicy$3
android.support.v4.graphics.drawable.IconCompatParcelizer
com.google.firebase.concurrent.ExecutorsRegistrar
androidx.compose.foundation.gestures.MouseWheelScrollElement
com.google.gson.internal.bind.TypeAdapters$26
com.google.gson.JsonElement
com.google.gson.internal.bind.NumberTypeAdapter$1
com.google.gson.internal.LinkedHashTreeMap$1
androidx.core.app.CoreComponentFactory
com.google.gson.internal.bind.DefaultDateTypeAdapter$DateType
com.google.gson.internal.sql.SqlDateTypeAdapter
okhttp3.internal.publicsuffix.PublicSuffixDatabase
androidx.core.content.FileProvider
androidx.compose.foundation.layout.WrapContentElement
com.google.gson.internal.sql.SqlTimestampTypeAdapter$1
com.google.android.gms.common.api.Status
com.google.gson.internal.$Gson$Types$GenericArrayTypeImpl
com.google.gson.internal.bind.TypeAdapters$23
androidx.compose.ui.draw.DrawWithContentElement
com.google.gson.Gson$3
com.google.gson.internal.LinkedHashTreeMap$Node
androidx.versionedparcelable.CustomVersionedParcelable
com.google.gson.Gson$1
com.google.gson.internal.ConstructorConstructor$6
com.google.gson.internal.ConstructorConstructor$8
com.google.firebase.messaging.FirebaseMessaging
com.google.firebase.installations.FirebaseInstallationsKtxRegistrar
com.google.gson.internal.sql.SqlTimeTypeAdapter
com.google.gson.internal.PreJava9DateFormatProvider
com.google.gson.internal.Excluder
androidx.core.app.RemoteActionCompatParcelizer
androidx.work.impl.background.systemalarm.ConstraintProxy$BatteryChargingProxy
com.google.gson.stream.MalformedJsonException
com.google.firebase.components.ComponentRegistrar
com.google.gson.internal.sql.SqlTypesSupport$1
com.google.gson.internal.bind.ObjectTypeAdapter$1
androidx.compose.ui.draw.PainterElement
com.google.gson.internal.bind.TypeAdapters$19
com.google.firebase.messaging.FirebaseMessagingService
com.google.gson.internal.bind.TypeAdapters$15
androidx.core.app.RemoteActionCompat
androidx.work.impl.background.systemalarm.ConstraintProxyUpdateReceiver
com.google.android.gms.auth.api.signin.GoogleSignInAccount
androidx.work.impl.workers.DiagnosticsWorker
com.google.firebase.messaging.ktx.FirebaseMessagingLegacyRegistrar
androidx.work.impl.workers.CombineContinuationsWorker
com.google.gson.FieldNamingPolicy$1
androidx.compose.ui.input.nestedscroll.NestedScrollElement
com.google.gson.internal.$Gson$Types$WildcardTypeImpl
com.google.android.gms.common.api.internal.BasePendingResult
com.google.gson.internal.ObjectConstructor
com.google.gson.internal.LinkedTreeMap$1
com.google.gson.internal.bind.TypeAdapters$28
com.google.android.datatransport.cct.CctBackendFactory
com.google.gson.Gson
androidx.versionedparcelable.ParcelImpl
com.google.firebase.messaging.ktx.FirebaseMessagingKtxRegistrar