app/build/outputs/mapping/release/usage.txt
com.hwnix.smsagent.R$drawable
com.hwnix.smsagent.R$string
com.hwnix.smsagent.R$style
com.hwnix.smsagent.R$xml
com.hwnix.smsagent.R
com.hwnix.smsagent.SmsAgentApplication:
    public static final int $stable
com.hwnix.smsagent.data.local.AppDatabase:
    public static final int $stable
com.hwnix.smsagent.data.local.AppDatabase_Impl:
    public void clearAllTables()
com.hwnix.smsagent.data.local.SessionManager:
    private static final java.lang.String DEFAULT_BASE_URL
    private static final java.lang.String KEY_AUTH_TOKEN
    private static final java.lang.String KEY_BASE_URL
    private static final java.lang.String KEY_CONFIG_VERSION
    private static final java.lang.String KEY_DEVICE_ID
    private static final java.lang.String KEY_DEVICE_UUID
    private static final java.lang.String KEY_LOGGING_LEVEL
    private static final java.lang.String KEY_MAX_RETRY
    private static final java.lang.String KEY_POLLING_INTERVAL
    public final void clearAuthToken()
    public final java.lang.String getLoggingLevel()
    public final int getMaxRetry()
    public final int getPollingInterval()
com.hwnix.smsagent.data.local.SmsDao:
    public abstract java.lang.Object cleanOldLogs(long,kotlin.coroutines.Continuation)
    public abstract java.lang.Object exists(java.lang.String,kotlin.coroutines.Continuation)
com.hwnix.smsagent.data.local.SmsDao_Impl$6
com.hwnix.smsagent.data.local.SmsDao_Impl$8
com.hwnix.smsagent.data.local.SmsDao_Impl:
    public java.lang.Object cleanOldLogs(long,kotlin.coroutines.Continuation)
    public java.lang.Object exists(java.lang.String,kotlin.coroutines.Continuation)
com.hwnix.smsagent.data.local.SmsEntity:
    public static final int $stable
    public final long component1()
    public final java.lang.String component2()
    public final java.lang.String component3()
    public final java.lang.String component4()
    public final java.lang.String component5()
    public final java.lang.String component6()
    public final java.lang.String component7()
    public final long component8()
    public final long component9()
com.hwnix.smsagent.data.local.SyncEngine:
    private static final java.lang.String TAG
com.hwnix.smsagent.data.receiver.BootReceiver:
    public static final int $stable
com.hwnix.smsagent.data.receiver.SmsReceiver:
    public static final int $stable
    private static final java.lang.String TAG
com.hwnix.smsagent.data.service.AgentForegroundService:
    private static final java.lang.String CHANNEL_ID
    private static final int NOTIFICATION_ID
    private static final java.lang.String TAG
com.hwnix.smsagent.data.service.FcmListenerService:
    public static final int $stable
    private static final java.lang.String TAG
com.hwnix.smsagent.presentation.SimInfo:
    public static final int $stable
    public final int component1()
    public final java.lang.String component2()
    public final java.lang.String component3()
    public final java.lang.String component4()
    public final java.lang.String component5()
    public final java.lang.String component6()
    public final com.hwnix.smsagent.presentation.SimInfo copy(int,java.lang.String,java.lang.String,java.lang.String,java.lang.String,java.lang.String)
    public static synthetic com.hwnix.smsagent.presentation.SimInfo copy$default(com.hwnix.smsagent.presentation.SimInfo,int,java.lang.String,java.lang.String,java.lang.String,java.lang.String,java.lang.String,int,java.lang.Object)
com.hwnix.smsagent.SmsAgentApplication:
    static void <clinit>()
com.hwnix.smsagent.data.local.AppDatabase$Companion
com.hwnix.smsagent.data.local.AppDatabase_Impl$1
...
androidx.compose.runtime.ComposerImpl$insertMovableContentGuarded$1$1$5$1$1$1
androidx.compose.runtime.ComposerImpl$insertMovableContentGuarded$1$1$5$1$2
androidx.compose.runtime.ComposerImpl$invokeMovableContentLambda$1:
    public static androidx.compose.runtime.PersistentCompositionLocalMap invoke()
    public final void invoke(androidx.compose.runtime.Composer,int)
androidx.compose.runtime.ComposerImpl$realizeDowns$1
androidx.compose.runtime.ComposerImpl$realizeMovement$1:
    public final void invoke(androidx.compose.runtime.Applier,androidx.compose.runtime.SlotWriter,androidx.compose.runtime.CompositionImpl$RememberEventDispatcher)
androidx.compose.runtime.ComposerImpl$realizeMovement$2:
    public final void invoke(androidx.compose.runtime.Applier,androidx.compose.runtime.SlotWriter,androidx.compose.runtime.CompositionImpl$RememberEventDispatcher)
androidx.compose.runtime.ComposerImpl$realizeUps$1
androidx.compose.runtime.ComposerImpl$recordInsert$1
androidx.compose.runtime.ComposerImpl$recordInsert$2:
    public final void invoke(androidx.compose.runtime.Applier,androidx.compose.runtime.SlotWriter,androidx.compose.runtime.CompositionImpl$RememberEventDispatcher)
androidx.compose.runtime.ComposerImpl$recordSlotEditing$1
androidx.compose.runtime.ComposerImpl$releaseMovableGroupAtCurrent$movableContentRecomposeScopeOwner$1
androidx.compose.runtime.ComposerImpl$reportFreeMovableContent$reportGroup$1
androidx.compose.runtime.ComposerImpl$start$2
androidx.compose.runtime.ComposerImpl$startProviders$currentProviders$1
androidx.compose.runtime.ComposerImpl$startReaderGroup$1
androidx.compose.runtime.ComposerImpl$useNode$2
androidx.compose.runtime.ComposerImpl:
    public boolean forciblyRecompose
    public boolean isDisposed
    public boolean sourceInformationEnabled
    public static void addRecomposeScope()
    public final androidx.compose.runtime.CompositionContext buildContext()
    public static void changesApplied$runtime_release()
    public static void clearUpdatedNodeCounts()
    public final void collectParameterInformation()
    public final androidx.compose.runtime.PersistentCompositionLocalMap currentCompositionLocalScope(int)
    public final void disableReusing()
    public static void endGroup()
    public static void endMovableGroup()
    public final void endNode()
    public final void endProviders()
    public final void endReplaceableGroup()
    public static void ensureWriter()
    public static void exitGroup()
    public static void finalizeCompose()
    public final androidx.compose.runtime.Applier getApplier()
    public final kotlin.coroutines.CoroutineContext getApplyCoroutineContext()
    public static boolean getAreChildrenComposing$runtime_release()
    public static androidx.compose.runtime.CompositionImpl getComposition()
    public final androidx.compose.runtime.tooling.CompositionData getCompositionData()
    public final int getCompoundKeyHash()
    public final androidx.compose.runtime.PersistentCompositionLocalMap getCurrentCompositionLocalMap()
    public static java.util.List getDeferredChanges$runtime_release()
androidx.compose.runtime.ComposerKt$endGroupInstance$1
androidx.compose.runtime.ComposerKt$removeCurrentGroupInstance$1
androidx.compose.runtime.ComposerKt$resetSlotsInstance$1
androidx.compose.runtime.ComposerKt$skipToGroupEndInstance$1
androidx.compose.runtime.ComposerKt$startRootGroup$1